<?xml version="1.0" encoding="UTF-8"?>
<!-- Generated by org.testng.reporters.JUnitXMLReporter -->
<testsuite ignored="0" hostname="N10836" failures="0" tests="10" name="Test" time="41.434" errors="0" timestamp="2024-10-21T12:22:00 IST">
  <testcase classname="com.ninja.qa.testcases.Register" name="@BeforeMethod OpenBrowser" time="0.018">
    <failure type="java.lang.NullPointerException" message="Cannot invoke &amp;quot;java.util.Properties.getProperty(String)&amp;quot; because &amp;quot;this.prop&amp;quot; is null">
      <![CDATA[java.lang.NullPointerException: Cannot invoke "java.util.Properties.getProperty(String)" because "this.prop" is null
at com.ninja.qa.testcases.Register.OpenBrowser(Register.java:26)
at java.base/java.util.ArrayList.forEach(ArrayList.java:1597)
... Removed 29 stack frames]]>
    </failure>
  </testcase> <!-- @BeforeMethod OpenBrowser -->
  <testcase classname="com.ninja.qa.testcases.Register" name="@AfterMethod TearDown" time="0.0">
    <skipped/>
  </testcase> <!-- @AfterMethod TearDown -->
  <testcase classname="com.ninja.qa.testcases.Register" name="@BeforeMethod OpenBrowser" time="0.0">
    <skipped/>
  </testcase> <!-- @BeforeMethod OpenBrowser -->
  <testcase classname="com.ninja.qa.testcases.Register" name="@AfterMethod TearDown" time="0.0">
    <skipped/>
  </testcase> <!-- @AfterMethod TearDown -->
  <testcase classname="com.ninja.qa.testcases.Register" name="@BeforeMethod OpenBrowser" time="0.0">
    <skipped/>
  </testcase> <!-- @BeforeMethod OpenBrowser -->
  <testcase classname="com.ninja.qa.testcases.Register" name="@AfterMethod TearDown" time="0.0">
    <skipped/>
  </testcase> <!-- @AfterMethod TearDown -->
  <testcase classname="com.ninja.qa.testcases.Register" name="@BeforeMethod OpenBrowser" time="0.0">
    <skipped/>
  </testcase> <!-- @BeforeMethod OpenBrowser -->
  <testcase classname="com.ninja.qa.testcases.Register" name="@AfterMethod TearDown" time="0.0">
    <skipped/>
  </testcase> <!-- @AfterMethod TearDown -->
  <testcase classname="com.ninja.qa.testcases.Search" name="@BeforeMethod BrowserStart" time="0.001">
    <failure type="java.lang.NullPointerException" message="Cannot invoke &amp;quot;java.util.Properties.getProperty(String)&amp;quot; because &amp;quot;this.prop&amp;quot; is null">
      <![CDATA[java.lang.NullPointerException: Cannot invoke "java.util.Properties.getProperty(String)" because "this.prop" is null
at com.ninja.qa.testcases.Search.BrowserStart(Search.java:17)
at java.base/java.util.ArrayList.forEach(ArrayList.java:1597)
... Removed 29 stack frames]]>
    </failure>
  </testcase> <!-- @BeforeMethod BrowserStart -->
  <testcase classname="com.ninja.qa.testcases.Search" name="@AfterMethod tearDown" time="0.0">
    <skipped/>
  </testcase> <!-- @AfterMethod tearDown -->
  <testcase classname="com.ninja.qa.testcases.Register" name="verifyRegistringMandatoryFields" time="0.001">
    <skipped/>
  </testcase> <!-- verifyRegistringMandatoryFields -->
  <testcase classname="com.ninja.qa.testcases.Register" name="verifyRegistringAccountProvidingAllFields" time="0.0">
    <skipped/>
  </testcase> <!-- verifyRegistringAccountProvidingAllFields -->
  <testcase classname="com.ninja.qa.testcases.Register" name="verifyNotificationMessageDisplayed" time="0.0">
    <skipped/>
  </testcase> <!-- verifyNotificationMessageDisplayed -->
  <testcase classname="com.ninja.qa.testcases.Register" name="verifyRegistringEnteringDifferentPasswordintoPasswordFields" time="0.0">
    <skipped/>
  </testcase> <!-- verifyRegistringEnteringDifferentPasswordintoPasswordFields -->
  <testcase classname="com.ninja.qa.testcases.Login" name="verifyLoginwithValidCredentials" time="1.604"/>
  <testcase classname="com.ninja.qa.testcases.Login" name="verifyLoginwithInvalidCredentials" time="1.745"/>
  <testcase classname="com.ninja.qa.testcases.Login" name="verifyInvalidEmailAndValidPassword" time="1.232"/>
  <testcase classname="com.ninja.qa.testcases.Login" name="verifyValidEmailAndInValidPassword" time="0.973"/>
  <testcase classname="com.ninja.qa.testcases.Login" name="verifyWithourProvideCredntials" time="0.788"/>
  <testcase classname="com.ninja.qa.testcases.Search" name="verifySearchingWithValidProduct" time="0.001">
    <skipped/>
  </testcase> <!-- verifySearchingWithValidProduct -->
</testsuite> <!-- Test -->
